--- ORDER ---
token_id_raw=82657524253826831650251148170659643203343182591744408931115902235771141482156 token_id_u256=82657524253826831650251148170659643203343182591744408931115902235771141482156
maker=0xbc73316cc41bae44afadd868214cf85843fc5155 signer=0x3435d73b29929a54f2c1831a4398b7c8cf24ab66
maker_amt=1040000 taker_amt=2069900 side=0 sig_type=1
salt=2688266798057758 fee_rate_bps=1000 neg_risk=false
chain_id=137 exchange=0x4bFb41d5B3570DeFd03C39a9A4D8dE6Bd8B8982E
sol_type_hash="Order(uint256 salt,address maker,address signer,address taker,uint256 tokenId,uint256 makerAmount,uint256 takerAmount,uint256 expiration,uint256 nonce,uint256 feeRateBps,uint8 side,uint8 signatureType)"
old_type_hash=0xa852566c4e14d00869b6db0220888a9090a13eccdaea03713ff0a3d27bf9767c
sol_domain_sep=0x1a573e3617c78403b5b4b892827992f027b03d4eaf570048b8ee8cdd84d151be
old_domain_sep=0x1a573e3617c78403b5b4b892827992f027b03d4eaf570048b8ee8cdd84d151be
DOMAIN_MATCH=true
sol_struct_hash=0x76741395d8a1cad9601821916aae6753b264920c7a08e05588fc5633f71e01ba
old_struct_hash=0x76741395d8a1cad9601821916aae6753b264920c7a08e05588fc5633f71e01ba
STRUCT_MATCH=true
digest=0x6e69ce66e978e2e03ac843fd1b5e9debfc085d34810c3c1909a9079dda2c6b77
sig_v_byte=27 sig=0xad4d2f8681468f68f064a44786b54861941d29594cb0ffafa82a0c2b68a3763d3cbea868bf136715fe87cc2331eaa76e88fb179b776c5c8f6c4e5b7d67ceeb841b
JSON: {"order":{"salt":2688266798057758,"maker":"0xbc73316cc41bae44afadd868214cf85843fc5155","signer":"0x3435d73b29929a54f2c1831a4398b7c8cf24ab66","taker":"0x0000000000000000000000000000000000000000","tokenId":"82657524253826831650251148170659643203343182591744408931115902235771141482156","makerAmount":"1040000","takerAmount":"2069900","expiration":"0","nonce":"0","feeRateBps":"1000","side":"BUY","signatureType":1,"signature":"0xad4d2f8681468f68f064a44786b54861941d29594cb0ffafa82a0c2b68a3763d3cbea868bf136715fe87cc2331eaa76e88fb179b776c5c8f6c4e5b7d67ceeb841b"},"orderType":"FAK","owner":"9c42cc54-2a8c-da61-4ef2-3cc02b3d81cf"}
--- ORDER ---
token_id_raw=82657524253826831650251148170659643203343182591744408931115902235771141482156 token_id_u256=82657524253826831650251148170659643203343182591744408931115902235771141482156
maker=0xbc73316cc41bae44afadd868214cf85843fc5155 signer=0x3435d73b29929a54f2c1831a4398b7c8cf24ab66
maker_amt=1040000 taker_amt=1920000 side=0 sig_type=1
salt=4908412533260766 fee_rate_bps=1000 neg_risk=false
chain_id=137 exchange=0x4bFb41d5B3570DeFd03C39a9A4D8dE6Bd8B8982E
sol_type_hash="Order(uint256 salt,address maker,address signer,address taker,uint256 tokenId,uint256 makerAmount,uint256 takerAmount,uint256 expiration,uint256 nonce,uint256 feeRateBps,uint8 side,uint8 signatureType)"
old_type_hash=0xa852566c4e14d00869b6db0220888a9090a13eccdaea03713ff0a3d27bf9767c
sol_domain_sep=0x1a573e3617c78403b5b4b892827992f027b03d4eaf570048b8ee8cdd84d151be
old_domain_sep=0x1a573e3617c78403b5b4b892827992f027b03d4eaf570048b8ee8cdd84d151be
DOMAIN_MATCH=true
sol_struct_hash=0x3ee120c8151ebec7bc3f69b69e06b77b1a43feb97158dfc5789a5e6b909c1d38
old_struct_hash=0x3ee120c8151ebec7bc3f69b69e06b77b1a43feb97158dfc5789a5e6b909c1d38
STRUCT_MATCH=true
digest=0xeb209ee056f11b6c0747b61fef14d22abb8152f3201572186c9170aede59aec4
sig_v_byte=28 sig=0x25d6082fb06c4058326fb291900e7f4e0014b0c0b4d36f49313e905bade2ed5101935ca6b3198fc367ba80c2bc6689d0911f2d15916cb1fbff8de9190ff126071c
JSON: {"order":{"salt":4908412533260766,"maker":"0xbc73316cc41bae44afadd868214cf85843fc5155","signer":"0x3435d73b29929a54f2c1831a4398b7c8cf24ab66","taker":"0x0000000000000000000000000000000000000000","tokenId":"82657524253826831650251148170659643203343182591744408931115902235771141482156","makerAmount":"1040000","takerAmount":"1920000","expiration":"0","nonce":"0","feeRateBps":"1000","side":"BUY","signatureType":1,"signature":"0x25d6082fb06c4058326fb291900e7f4e0014b0c0b4d36f49313e905bade2ed5101935ca6b3198fc367ba80c2bc6689d0911f2d15916cb1fbff8de9190ff126071c"},"orderType":"FAK","owner":"9c42cc54-2a8c-da61-4ef2-3cc02b3d81cf"}
